<?xml version="1.0" encoding="UTF-8" standalone="no"?>
<testsuite failures="0" name="cucumber.runtime.formatter.JUnitFormatter" skipped="0" tests="1" time="12.294133">
    <testcase classname="Free CRM Application Test" name="Validate Free CRM Home Page" time="12.294133">
        <system-out><![CDATA[Given user opens browser....................................................passed
Then user is on login page..................................................passed
Then user logs on...........................................................passed
Then home page is displayed.................................................passed
Then validate logged in username............................................passed
Then user quit the brwoser..................................................passed
]]></system-out>
    </testcase>
</testsuite>
